<html>
<head>
<title>TestNG:  restassuredtests</title>
<link href="../testng.css" rel="stylesheet" type="text/css" />
<link href="../my-testng.css" rel="stylesheet" type="text/css" />

<style type="text/css">
.log { display: none;} 
.stack-trace { display: none;} 
</style>
<script type="text/javascript">
<!--
function flip(e) {
  current = e.style.display;
  if (current == 'block') {
    e.style.display = 'none';
    return 0;
  }
  else {
    e.style.display = 'block';
    return 1;
  }
}

function toggleBox(szDivId, elem, msg1, msg2)
{
  var res = -1;  if (document.getElementById) {
    res = flip(document.getElementById(szDivId));
  }
  else if (document.all) {
    // this is the way old msie versions work
    res = flip(document.all[szDivId]);
  }
  if(elem) {
    if(res == 0) elem.innerHTML = msg1; else elem.innerHTML = msg2;
  }

}

function toggleAllBoxes() {
  if (document.getElementsByTagName) {
    d = document.getElementsByTagName('div');
    for (i = 0; i < d.length; i++) {
      if (d[i].className == 'log') {
        flip(d[i]);
      }
    }
  }
}

// -->
</script>

</head>
<body>
<h2 align='center'>restassuredtests</h2><table border='1' align="center">
<tr>
<td>Tests passed/Failed/Skipped:</td><td>26/6/0</td>
</tr><tr>
<td>Started on:</td><td>Mon Feb 03 16:23:50 IST 2020</td>
</tr>
<tr><td>Total time:</td><td>29 seconds (29654 ms)</td>
</tr><tr>
<td>Included groups:</td><td></td>
</tr><tr>
<td>Excluded groups:</td><td></td>
</tr>
</table><p/>
<small><i>(Hover the method name to see the test class name)</i></small><p/>
<table width='100%' border='1' class='invocation-failed'>
<tr><td colspan='4' align='center'><b>FAILED TESTS</b></td></tr>
<tr><td><b>Test method</b></td>
<td width="30%"><b>Exception</b></td>
<td width="10%"><b>Time (seconds)</b></td>
<td><b>Instance</b></td>
</tr>
<tr>
<td title='com.employeeapi.testCases.TC002_Get_Single_Employee_Record.checkContentLength()'><b>checkContentLength</b><br>Test class: com.employeeapi.testCases.TC002_Get_Single_Employee_Record</td>
<td><div><pre>java.lang.NumberFormatException: null
	at java.lang.Integer.parseInt(Unknown Source)
	at java.lang.Integer.parseInt(Unknown Source)
	at com.employeeapi.testCases.TC002_Get_Single_Employee_Record.checkContentLength(TC002_Get_Single_Employee_Record.java:113)
... Removed 25 stack frames</pre></div><a href='#' onClick='toggleBox("stack-trace1662912171", this, "Click to show all stack frames", "Click to hide stack frames")'>Click to show all stack frames</a>
<div class='stack-trace' id='stack-trace1662912171'><pre>java.lang.NumberFormatException: null
	at java.lang.Integer.parseInt(Unknown Source)
	at java.lang.Integer.parseInt(Unknown Source)
	at com.employeeapi.testCases.TC002_Get_Single_Employee_Record.checkContentLength(TC002_Get_Single_Employee_Record.java:113)
	at sun.reflect.NativeMethodAccessorImpl.invoke0(Native Method)
	at sun.reflect.NativeMethodAccessorImpl.invoke(Unknown Source)
	at sun.reflect.DelegatingMethodAccessorImpl.invoke(Unknown Source)
	at java.lang.reflect.Method.invoke(Unknown Source)
	at org.testng.internal.MethodInvocationHelper.invokeMethod(MethodInvocationHelper.java:124)
	at org.testng.internal.Invoker.invokeMethod(Invoker.java:583)
	at org.testng.internal.Invoker.invokeTestMethod(Invoker.java:719)
	at org.testng.internal.Invoker.invokeTestMethods(Invoker.java:989)
	at org.testng.internal.TestMethodWorker.invokeTestMethods(TestMethodWorker.java:125)
	at org.testng.internal.TestMethodWorker.run(TestMethodWorker.java:109)
	at org.testng.TestRunner.privateRun(TestRunner.java:648)
	at org.testng.TestRunner.run(TestRunner.java:505)
	at org.testng.SuiteRunner.runTest(SuiteRunner.java:455)
	at org.testng.SuiteRunner.runSequentially(SuiteRunner.java:450)
	at org.testng.SuiteRunner.privateRun(SuiteRunner.java:415)
	at org.testng.SuiteRunner.run(SuiteRunner.java:364)
	at org.testng.SuiteRunnerWorker.runSuite(SuiteRunnerWorker.java:52)
	at org.testng.SuiteRunnerWorker.run(SuiteRunnerWorker.java:84)
	at org.testng.TestNG.runSuitesSequentially(TestNG.java:1208)
	at org.testng.TestNG.runSuitesLocally(TestNG.java:1137)
	at org.testng.TestNG.runSuites(TestNG.java:1049)
	at org.testng.TestNG.run(TestNG.java:1017)
	at org.testng.remote.AbstractRemoteTestNG.run(AbstractRemoteTestNG.java:114)
	at org.testng.remote.RemoteTestNG.initAndRun(RemoteTestNG.java:251)
	at org.testng.remote.RemoteTestNG.main(RemoteTestNG.java:77)
</pre></div></td>
<td>0</td>
<td>com.employeeapi.testCases.TC002_Get_Single_Employee_Record@6093dd95</td></tr>
<tr>
<td title='com.employeeapi.testCases.TC003_Post_Employee_Record.checkResponseBody()'><b>checkResponseBody</b><br>Test class: com.employeeapi.testCases.TC003_Post_Employee_Record</td>
<td><div><pre>java.lang.AssertionError: expected [true] but found [false]
	at com.employeeapi.testCases.TC003_Post_Employee_Record.checkResponseBody(TC003_Post_Employee_Record.java:60)
... Removed 31 stack frames</pre></div><a href='#' onClick='toggleBox("stack-trace1649847375", this, "Click to show all stack frames", "Click to hide stack frames")'>Click to show all stack frames</a>
<div class='stack-trace' id='stack-trace1649847375'><pre>java.lang.AssertionError: expected [true] but found [false]
	at org.testng.Assert.fail(Assert.java:96)
	at org.testng.Assert.failNotEquals(Assert.java:776)
	at org.testng.Assert.assertEqualsImpl(Assert.java:137)
	at org.testng.Assert.assertEquals(Assert.java:118)
	at org.testng.Assert.assertEquals(Assert.java:568)
	at org.testng.Assert.assertEquals(Assert.java:578)
	at com.employeeapi.testCases.TC003_Post_Employee_Record.checkResponseBody(TC003_Post_Employee_Record.java:60)
	at sun.reflect.NativeMethodAccessorImpl.invoke0(Native Method)
	at sun.reflect.NativeMethodAccessorImpl.invoke(Unknown Source)
	at sun.reflect.DelegatingMethodAccessorImpl.invoke(Unknown Source)
	at java.lang.reflect.Method.invoke(Unknown Source)
	at org.testng.internal.MethodInvocationHelper.invokeMethod(MethodInvocationHelper.java:124)
	at org.testng.internal.Invoker.invokeMethod(Invoker.java:583)
	at org.testng.internal.Invoker.invokeTestMethod(Invoker.java:719)
	at org.testng.internal.Invoker.invokeTestMethods(Invoker.java:989)
	at org.testng.internal.TestMethodWorker.invokeTestMethods(TestMethodWorker.java:125)
	at org.testng.internal.TestMethodWorker.run(TestMethodWorker.java:109)
	at org.testng.TestRunner.privateRun(TestRunner.java:648)
	at org.testng.TestRunner.run(TestRunner.java:505)
	at org.testng.SuiteRunner.runTest(SuiteRunner.java:455)
	at org.testng.SuiteRunner.runSequentially(SuiteRunner.java:450)
	at org.testng.SuiteRunner.privateRun(SuiteRunner.java:415)
	at org.testng.SuiteRunner.run(SuiteRunner.java:364)
	at org.testng.SuiteRunnerWorker.runSuite(SuiteRunnerWorker.java:52)
	at org.testng.SuiteRunnerWorker.run(SuiteRunnerWorker.java:84)
	at org.testng.TestNG.runSuitesSequentially(TestNG.java:1208)
	at org.testng.TestNG.runSuitesLocally(TestNG.java:1137)
	at org.testng.TestNG.runSuites(TestNG.java:1049)
	at org.testng.TestNG.run(TestNG.java:1017)
	at org.testng.remote.AbstractRemoteTestNG.run(AbstractRemoteTestNG.java:114)
	at org.testng.remote.RemoteTestNG.initAndRun(RemoteTestNG.java:251)
	at org.testng.remote.RemoteTestNG.main(RemoteTestNG.java:77)
</pre></div></td>
<td>0</td>
<td>com.employeeapi.testCases.TC003_Post_Employee_Record@5622fdf</td></tr>
<tr>
<td title='com.employeeapi.testCases.TC004_Put_Employee_Record.checkResponseBody()'><b>checkResponseBody</b><br>Test class: com.employeeapi.testCases.TC004_Put_Employee_Record</td>
<td><div><pre>java.lang.AssertionError: expected [true] but found [false]
	at com.employeeapi.testCases.TC004_Put_Employee_Record.checkResponseBody(TC004_Put_Employee_Record.java:58)
... Removed 31 stack frames</pre></div><a href='#' onClick='toggleBox("stack-trace438151297", this, "Click to show all stack frames", "Click to hide stack frames")'>Click to show all stack frames</a>
<div class='stack-trace' id='stack-trace438151297'><pre>java.lang.AssertionError: expected [true] but found [false]
	at org.testng.Assert.fail(Assert.java:96)
	at org.testng.Assert.failNotEquals(Assert.java:776)
	at org.testng.Assert.assertEqualsImpl(Assert.java:137)
	at org.testng.Assert.assertEquals(Assert.java:118)
	at org.testng.Assert.assertEquals(Assert.java:568)
	at org.testng.Assert.assertEquals(Assert.java:578)
	at com.employeeapi.testCases.TC004_Put_Employee_Record.checkResponseBody(TC004_Put_Employee_Record.java:58)
	at sun.reflect.NativeMethodAccessorImpl.invoke0(Native Method)
	at sun.reflect.NativeMethodAccessorImpl.invoke(Unknown Source)
	at sun.reflect.DelegatingMethodAccessorImpl.invoke(Unknown Source)
	at java.lang.reflect.Method.invoke(Unknown Source)
	at org.testng.internal.MethodInvocationHelper.invokeMethod(MethodInvocationHelper.java:124)
	at org.testng.internal.Invoker.invokeMethod(Invoker.java:583)
	at org.testng.internal.Invoker.invokeTestMethod(Invoker.java:719)
	at org.testng.internal.Invoker.invokeTestMethods(Invoker.java:989)
	at org.testng.internal.TestMethodWorker.invokeTestMethods(TestMethodWorker.java:125)
	at org.testng.internal.TestMethodWorker.run(TestMethodWorker.java:109)
	at org.testng.TestRunner.privateRun(TestRunner.java:648)
	at org.testng.TestRunner.run(TestRunner.java:505)
	at org.testng.SuiteRunner.runTest(SuiteRunner.java:455)
	at org.testng.SuiteRunner.runSequentially(SuiteRunner.java:450)
	at org.testng.SuiteRunner.privateRun(SuiteRunner.java:415)
	at org.testng.SuiteRunner.run(SuiteRunner.java:364)
	at org.testng.SuiteRunnerWorker.runSuite(SuiteRunnerWorker.java:52)
	at org.testng.SuiteRunnerWorker.run(SuiteRunnerWorker.java:84)
	at org.testng.TestNG.runSuitesSequentially(TestNG.java:1208)
	at org.testng.TestNG.runSuitesLocally(TestNG.java:1137)
	at org.testng.TestNG.runSuites(TestNG.java:1049)
	at org.testng.TestNG.run(TestNG.java:1017)
	at org.testng.remote.AbstractRemoteTestNG.run(AbstractRemoteTestNG.java:114)
	at org.testng.remote.RemoteTestNG.initAndRun(RemoteTestNG.java:251)
	at org.testng.remote.RemoteTestNG.main(RemoteTestNG.java:77)
</pre></div></td>
<td>0</td>
<td>com.employeeapi.testCases.TC004_Put_Employee_Record@4883b407</td></tr>
<tr>
<td title='com.employeeapi.testCases.TC005_Delete_Employee_Record.checkResponseBody()'><b>checkResponseBody</b><br>Test class: com.employeeapi.testCases.TC005_Delete_Employee_Record</td>
<td><div><pre>java.lang.AssertionError: expected [true] but found [false]
	at com.employeeapi.testCases.TC005_Delete_Employee_Record.checkResponseBody(TC005_Delete_Employee_Record.java:52)
... Removed 31 stack frames</pre></div><a href='#' onClick='toggleBox("stack-trace558404860", this, "Click to show all stack frames", "Click to hide stack frames")'>Click to show all stack frames</a>
<div class='stack-trace' id='stack-trace558404860'><pre>java.lang.AssertionError: expected [true] but found [false]
	at org.testng.Assert.fail(Assert.java:96)
	at org.testng.Assert.failNotEquals(Assert.java:776)
	at org.testng.Assert.assertEqualsImpl(Assert.java:137)
	at org.testng.Assert.assertEquals(Assert.java:118)
	at org.testng.Assert.assertEquals(Assert.java:568)
	at org.testng.Assert.assertEquals(Assert.java:578)
	at com.employeeapi.testCases.TC005_Delete_Employee_Record.checkResponseBody(TC005_Delete_Employee_Record.java:52)
	at sun.reflect.NativeMethodAccessorImpl.invoke0(Native Method)
	at sun.reflect.NativeMethodAccessorImpl.invoke(Unknown Source)
	at sun.reflect.DelegatingMethodAccessorImpl.invoke(Unknown Source)
	at java.lang.reflect.Method.invoke(Unknown Source)
	at org.testng.internal.MethodInvocationHelper.invokeMethod(MethodInvocationHelper.java:124)
	at org.testng.internal.Invoker.invokeMethod(Invoker.java:583)
	at org.testng.internal.Invoker.invokeTestMethod(Invoker.java:719)
	at org.testng.internal.Invoker.invokeTestMethods(Invoker.java:989)
	at org.testng.internal.TestMethodWorker.invokeTestMethods(TestMethodWorker.java:125)
	at org.testng.internal.TestMethodWorker.run(TestMethodWorker.java:109)
	at org.testng.TestRunner.privateRun(TestRunner.java:648)
	at org.testng.TestRunner.run(TestRunner.java:505)
	at org.testng.SuiteRunner.runTest(SuiteRunner.java:455)
	at org.testng.SuiteRunner.runSequentially(SuiteRunner.java:450)
	at org.testng.SuiteRunner.privateRun(SuiteRunner.java:415)
	at org.testng.SuiteRunner.run(SuiteRunner.java:364)
	at org.testng.SuiteRunnerWorker.runSuite(SuiteRunnerWorker.java:52)
	at org.testng.SuiteRunnerWorker.run(SuiteRunnerWorker.java:84)
	at org.testng.TestNG.runSuitesSequentially(TestNG.java:1208)
	at org.testng.TestNG.runSuitesLocally(TestNG.java:1137)
	at org.testng.TestNG.runSuites(TestNG.java:1049)
	at org.testng.TestNG.run(TestNG.java:1017)
	at org.testng.remote.AbstractRemoteTestNG.run(AbstractRemoteTestNG.java:114)
	at org.testng.remote.RemoteTestNG.initAndRun(RemoteTestNG.java:251)
	at org.testng.remote.RemoteTestNG.main(RemoteTestNG.java:77)
</pre></div></td>
<td>0</td>
<td>com.employeeapi.testCases.TC005_Delete_Employee_Record@7d9d1a19</td></tr>
<tr>
<td title='com.employeeapi.testCases.TC002_Get_Single_Employee_Record.checkStatusCode()'><b>checkStatusCode</b><br>Test class: com.employeeapi.testCases.TC002_Get_Single_Employee_Record</td>
<td><div><pre>java.lang.AssertionError: expected [200] but found [404]
	at com.employeeapi.testCases.TC002_Get_Single_Employee_Record.checkStatusCode(TC002_Get_Single_Employee_Record.java:43)
... Removed 31 stack frames</pre></div><a href='#' onClick='toggleBox("stack-trace1210939243", this, "Click to show all stack frames", "Click to hide stack frames")'>Click to show all stack frames</a>
<div class='stack-trace' id='stack-trace1210939243'><pre>java.lang.AssertionError: expected [200] but found [404]
	at org.testng.Assert.fail(Assert.java:96)
	at org.testng.Assert.failNotEquals(Assert.java:776)
	at org.testng.Assert.assertEqualsImpl(Assert.java:137)
	at org.testng.Assert.assertEquals(Assert.java:118)
	at org.testng.Assert.assertEquals(Assert.java:652)
	at org.testng.Assert.assertEquals(Assert.java:662)
	at com.employeeapi.testCases.TC002_Get_Single_Employee_Record.checkStatusCode(TC002_Get_Single_Employee_Record.java:43)
	at sun.reflect.NativeMethodAccessorImpl.invoke0(Native Method)
	at sun.reflect.NativeMethodAccessorImpl.invoke(Unknown Source)
	at sun.reflect.DelegatingMethodAccessorImpl.invoke(Unknown Source)
	at java.lang.reflect.Method.invoke(Unknown Source)
	at org.testng.internal.MethodInvocationHelper.invokeMethod(MethodInvocationHelper.java:124)
	at org.testng.internal.Invoker.invokeMethod(Invoker.java:583)
	at org.testng.internal.Invoker.invokeTestMethod(Invoker.java:719)
	at org.testng.internal.Invoker.invokeTestMethods(Invoker.java:989)
	at org.testng.internal.TestMethodWorker.invokeTestMethods(TestMethodWorker.java:125)
	at org.testng.internal.TestMethodWorker.run(TestMethodWorker.java:109)
	at org.testng.TestRunner.privateRun(TestRunner.java:648)
	at org.testng.TestRunner.run(TestRunner.java:505)
	at org.testng.SuiteRunner.runTest(SuiteRunner.java:455)
	at org.testng.SuiteRunner.runSequentially(SuiteRunner.java:450)
	at org.testng.SuiteRunner.privateRun(SuiteRunner.java:415)
	at org.testng.SuiteRunner.run(SuiteRunner.java:364)
	at org.testng.SuiteRunnerWorker.runSuite(SuiteRunnerWorker.java:52)
	at org.testng.SuiteRunnerWorker.run(SuiteRunnerWorker.java:84)
	at org.testng.TestNG.runSuitesSequentially(TestNG.java:1208)
	at org.testng.TestNG.runSuitesLocally(TestNG.java:1137)
	at org.testng.TestNG.runSuites(TestNG.java:1049)
	at org.testng.TestNG.run(TestNG.java:1017)
	at org.testng.remote.AbstractRemoteTestNG.run(AbstractRemoteTestNG.java:114)
	at org.testng.remote.RemoteTestNG.initAndRun(RemoteTestNG.java:251)
	at org.testng.remote.RemoteTestNG.main(RemoteTestNG.java:77)
</pre></div></td>
<td>0</td>
<td>com.employeeapi.testCases.TC002_Get_Single_Employee_Record@6093dd95</td></tr>
<tr>
<td title='com.employeeapi.testCases.TC002_Get_Single_Employee_Record.checkStatusLine()'><b>checkStatusLine</b><br>Test class: com.employeeapi.testCases.TC002_Get_Single_Employee_Record</td>
<td><div><pre>java.lang.AssertionError: expected [HTTP/1.1 200 OK] but found [HTTP/1.1 404 Not Found]
	at com.employeeapi.testCases.TC002_Get_Single_Employee_Record.checkStatusLine(TC002_Get_Single_Employee_Record.java:69)
... Removed 31 stack frames</pre></div><a href='#' onClick='toggleBox("stack-trace321772459", this, "Click to show all stack frames", "Click to hide stack frames")'>Click to show all stack frames</a>
<div class='stack-trace' id='stack-trace321772459'><pre>java.lang.AssertionError: expected [HTTP/1.1 200 OK] but found [HTTP/1.1 404 Not Found]
	at org.testng.Assert.fail(Assert.java:96)
	at org.testng.Assert.failNotEquals(Assert.java:776)
	at org.testng.Assert.assertEqualsImpl(Assert.java:137)
	at org.testng.Assert.assertEquals(Assert.java:118)
	at org.testng.Assert.assertEquals(Assert.java:453)
	at org.testng.Assert.assertEquals(Assert.java:463)
	at com.employeeapi.testCases.TC002_Get_Single_Employee_Record.checkStatusLine(TC002_Get_Single_Employee_Record.java:69)
	at sun.reflect.NativeMethodAccessorImpl.invoke0(Native Method)
	at sun.reflect.NativeMethodAccessorImpl.invoke(Unknown Source)
	at sun.reflect.DelegatingMethodAccessorImpl.invoke(Unknown Source)
	at java.lang.reflect.Method.invoke(Unknown Source)
	at org.testng.internal.MethodInvocationHelper.invokeMethod(MethodInvocationHelper.java:124)
	at org.testng.internal.Invoker.invokeMethod(Invoker.java:583)
	at org.testng.internal.Invoker.invokeTestMethod(Invoker.java:719)
	at org.testng.internal.Invoker.invokeTestMethods(Invoker.java:989)
	at org.testng.internal.TestMethodWorker.invokeTestMethods(TestMethodWorker.java:125)
	at org.testng.internal.TestMethodWorker.run(TestMethodWorker.java:109)
	at org.testng.TestRunner.privateRun(TestRunner.java:648)
	at org.testng.TestRunner.run(TestRunner.java:505)
	at org.testng.SuiteRunner.runTest(SuiteRunner.java:455)
	at org.testng.SuiteRunner.runSequentially(SuiteRunner.java:450)
	at org.testng.SuiteRunner.privateRun(SuiteRunner.java:415)
	at org.testng.SuiteRunner.run(SuiteRunner.java:364)
	at org.testng.SuiteRunnerWorker.runSuite(SuiteRunnerWorker.java:52)
	at org.testng.SuiteRunnerWorker.run(SuiteRunnerWorker.java:84)
	at org.testng.TestNG.runSuitesSequentially(TestNG.java:1208)
	at org.testng.TestNG.runSuitesLocally(TestNG.java:1137)
	at org.testng.TestNG.runSuites(TestNG.java:1049)
	at org.testng.TestNG.run(TestNG.java:1017)
	at org.testng.remote.AbstractRemoteTestNG.run(AbstractRemoteTestNG.java:114)
	at org.testng.remote.RemoteTestNG.initAndRun(RemoteTestNG.java:251)
	at org.testng.remote.RemoteTestNG.main(RemoteTestNG.java:77)
</pre></div></td>
<td>0</td>
<td>com.employeeapi.testCases.TC002_Get_Single_Employee_Record@6093dd95</td></tr>
</table><p>
<table width='100%' border='1' class='invocation-passed'>
<tr><td colspan='4' align='center'><b>PASSED TESTS</b></td></tr>
<tr><td><b>Test method</b></td>
<td width="30%"><b>Exception</b></td>
<td width="10%"><b>Time (seconds)</b></td>
<td><b>Instance</b></td>
</tr>
<tr>
<td title='com.employeeapi.testCases.TC001_Get_All_Employees.checkContentEncoding()'><b>checkContentEncoding</b><br>Test class: com.employeeapi.testCases.TC001_Get_All_Employees</td>
<td></td>
<td>0</td>
<td>com.employeeapi.testCases.TC001_Get_All_Employees@6d4b1c02</td></tr>
<tr>
<td title='com.employeeapi.testCases.TC002_Get_Single_Employee_Record.checkContentEncoding()'><b>checkContentEncoding</b><br>Test class: com.employeeapi.testCases.TC002_Get_Single_Employee_Record</td>
<td></td>
<td>0</td>
<td>com.employeeapi.testCases.TC002_Get_Single_Employee_Record@6093dd95</td></tr>
<tr>
<td title='com.employeeapi.testCases.TC001_Get_All_Employees.checkContentLength()'><b>checkContentLength</b><br>Test class: com.employeeapi.testCases.TC001_Get_All_Employees</td>
<td></td>
<td>0</td>
<td>com.employeeapi.testCases.TC001_Get_All_Employees@6d4b1c02</td></tr>
<tr>
<td title='com.employeeapi.testCases.TC001_Get_All_Employees.checkContentType()'><b>checkContentType</b><br>Test class: com.employeeapi.testCases.TC001_Get_All_Employees</td>
<td></td>
<td>0</td>
<td>com.employeeapi.testCases.TC001_Get_All_Employees@6d4b1c02</td></tr>
<tr>
<td title='com.employeeapi.testCases.TC002_Get_Single_Employee_Record.checkContentType()'><b>checkContentType</b><br>Test class: com.employeeapi.testCases.TC002_Get_Single_Employee_Record</td>
<td></td>
<td>0</td>
<td>com.employeeapi.testCases.TC002_Get_Single_Employee_Record@6093dd95</td></tr>
<tr>
<td title='com.employeeapi.testCases.TC003_Post_Employee_Record.checkContentType()'><b>checkContentType</b><br>Test class: com.employeeapi.testCases.TC003_Post_Employee_Record</td>
<td></td>
<td>0</td>
<td>com.employeeapi.testCases.TC003_Post_Employee_Record@5622fdf</td></tr>
<tr>
<td title='com.employeeapi.testCases.TC004_Put_Employee_Record.checkContentType()'><b>checkContentType</b><br>Test class: com.employeeapi.testCases.TC004_Put_Employee_Record</td>
<td></td>
<td>0</td>
<td>com.employeeapi.testCases.TC004_Put_Employee_Record@4883b407</td></tr>
<tr>
<td title='com.employeeapi.testCases.TC005_Delete_Employee_Record.checkContentType()'><b>checkContentType</b><br>Test class: com.employeeapi.testCases.TC005_Delete_Employee_Record</td>
<td></td>
<td>0</td>
<td>com.employeeapi.testCases.TC005_Delete_Employee_Record@7d9d1a19</td></tr>
<tr>
<td title='com.employeeapi.testCases.TC001_Get_All_Employees.checkResponseBody()'><b>checkResponseBody</b><br>Test class: com.employeeapi.testCases.TC001_Get_All_Employees</td>
<td></td>
<td>0</td>
<td>com.employeeapi.testCases.TC001_Get_All_Employees@6d4b1c02</td></tr>
<tr>
<td title='com.employeeapi.testCases.TC002_Get_Single_Employee_Record.checkResponseBody()'><b>checkResponseBody</b><br>Test class: com.employeeapi.testCases.TC002_Get_Single_Employee_Record</td>
<td></td>
<td>0</td>
<td>com.employeeapi.testCases.TC002_Get_Single_Employee_Record@6093dd95</td></tr>
<tr>
<td title='com.employeeapi.testCases.TC001_Get_All_Employees.checkResponseTime()'><b>checkResponseTime</b><br>Test class: com.employeeapi.testCases.TC001_Get_All_Employees</td>
<td></td>
<td>0</td>
<td>com.employeeapi.testCases.TC001_Get_All_Employees@6d4b1c02</td></tr>
<tr>
<td title='com.employeeapi.testCases.TC002_Get_Single_Employee_Record.checkResponseTime()'><b>checkResponseTime</b><br>Test class: com.employeeapi.testCases.TC002_Get_Single_Employee_Record</td>
<td></td>
<td>0</td>
<td>com.employeeapi.testCases.TC002_Get_Single_Employee_Record@6093dd95</td></tr>
<tr>
<td title='com.employeeapi.testCases.TC001_Get_All_Employees.checkServerType()'><b>checkServerType</b><br>Test class: com.employeeapi.testCases.TC001_Get_All_Employees</td>
<td></td>
<td>0</td>
<td>com.employeeapi.testCases.TC001_Get_All_Employees@6d4b1c02</td></tr>
<tr>
<td title='com.employeeapi.testCases.TC002_Get_Single_Employee_Record.checkServerType()'><b>checkServerType</b><br>Test class: com.employeeapi.testCases.TC002_Get_Single_Employee_Record</td>
<td></td>
<td>0</td>
<td>com.employeeapi.testCases.TC002_Get_Single_Employee_Record@6093dd95</td></tr>
<tr>
<td title='com.employeeapi.testCases.TC003_Post_Employee_Record.checkServerType()'><b>checkServerType</b><br>Test class: com.employeeapi.testCases.TC003_Post_Employee_Record</td>
<td></td>
<td>0</td>
<td>com.employeeapi.testCases.TC003_Post_Employee_Record@5622fdf</td></tr>
<tr>
<td title='com.employeeapi.testCases.TC004_Put_Employee_Record.checkServerType()'><b>checkServerType</b><br>Test class: com.employeeapi.testCases.TC004_Put_Employee_Record</td>
<td></td>
<td>0</td>
<td>com.employeeapi.testCases.TC004_Put_Employee_Record@4883b407</td></tr>
<tr>
<td title='com.employeeapi.testCases.TC005_Delete_Employee_Record.checkServerType()'><b>checkServerType</b><br>Test class: com.employeeapi.testCases.TC005_Delete_Employee_Record</td>
<td></td>
<td>0</td>
<td>com.employeeapi.testCases.TC005_Delete_Employee_Record@7d9d1a19</td></tr>
<tr>
<td title='com.employeeapi.testCases.TC001_Get_All_Employees.checkStatusCode()'><b>checkStatusCode</b><br>Test class: com.employeeapi.testCases.TC001_Get_All_Employees</td>
<td></td>
<td>0</td>
<td>com.employeeapi.testCases.TC001_Get_All_Employees@6d4b1c02</td></tr>
<tr>
<td title='com.employeeapi.testCases.TC003_Post_Employee_Record.checkStatusCode()'><b>checkStatusCode</b><br>Test class: com.employeeapi.testCases.TC003_Post_Employee_Record</td>
<td></td>
<td>0</td>
<td>com.employeeapi.testCases.TC003_Post_Employee_Record@5622fdf</td></tr>
<tr>
<td title='com.employeeapi.testCases.TC004_Put_Employee_Record.checkStatusCode()'><b>checkStatusCode</b><br>Test class: com.employeeapi.testCases.TC004_Put_Employee_Record</td>
<td></td>
<td>0</td>
<td>com.employeeapi.testCases.TC004_Put_Employee_Record@4883b407</td></tr>
<tr>
<td title='com.employeeapi.testCases.TC005_Delete_Employee_Record.checkStatusCode()'><b>checkStatusCode</b><br>Test class: com.employeeapi.testCases.TC005_Delete_Employee_Record</td>
<td></td>
<td>0</td>
<td>com.employeeapi.testCases.TC005_Delete_Employee_Record@7d9d1a19</td></tr>
<tr>
<td title='com.employeeapi.testCases.TC001_Get_All_Employees.checkStatusLine()'><b>checkStatusLine</b><br>Test class: com.employeeapi.testCases.TC001_Get_All_Employees</td>
<td></td>
<td>0</td>
<td>com.employeeapi.testCases.TC001_Get_All_Employees@6d4b1c02</td></tr>
<tr>
<td title='com.employeeapi.testCases.TC003_Post_Employee_Record.checkStatusLine()'><b>checkStatusLine</b><br>Test class: com.employeeapi.testCases.TC003_Post_Employee_Record</td>
<td></td>
<td>0</td>
<td>com.employeeapi.testCases.TC003_Post_Employee_Record@5622fdf</td></tr>
<tr>
<td title='com.employeeapi.testCases.TC004_Put_Employee_Record.checkStatusLine()'><b>checkStatusLine</b><br>Test class: com.employeeapi.testCases.TC004_Put_Employee_Record</td>
<td></td>
<td>0</td>
<td>com.employeeapi.testCases.TC004_Put_Employee_Record@4883b407</td></tr>
<tr>
<td title='com.employeeapi.testCases.TC005_Delete_Employee_Record.checkStatusLine()'><b>checkStatusLine</b><br>Test class: com.employeeapi.testCases.TC005_Delete_Employee_Record</td>
<td></td>
<td>0</td>
<td>com.employeeapi.testCases.TC005_Delete_Employee_Record@7d9d1a19</td></tr>
<tr>
<td title='com.employeeapi.testCases.TC001_Get_All_Employees.checkTestCookies()'><b>checkTestCookies</b><br>Test class: com.employeeapi.testCases.TC001_Get_All_Employees</td>
<td></td>
<td>0</td>
<td>com.employeeapi.testCases.TC001_Get_All_Employees@6d4b1c02</td></tr>
</table><p>
</body>
</html>